#
# There is insufficient memory for the Java Runtime Environment to continue.
# Native memory allocation (mmap) failed to map 266338304 bytes for G1 virtual space
# Possible reasons:
#   The system is out of physical RAM or swap space
#   The process is running with CompressedOops enabled, and the Java Heap may be blocking the growth of the native heap
# Possible solutions:
#   Reduce memory load on the system
#   Increase physical memory or swap space
#   Check if swap backing store is full
#   Decrease Java heap size (-Xmx/-Xms)
#   Decrease number of Java threads
#   Decrease Java thread stack sizes (-Xss)
#   Set larger code cache with -XX:ReservedCodeCacheSize=
#   JVM is running with Zero Based Compressed Oops mode in which the Java heap is
#     placed in the first 32GB address space. The Java Heap base address is the
#     maximum limit for the native heap growth. Please use -XX:HeapBaseMinAddress
#     to set the Java Heap base and to place the Java Heap above 32GB virtual address.
# This output file may be truncated or incomplete.
#
#  Out of Memory Error (os_windows.cpp:3769), pid=55008, tid=54936
#
# JRE version:  (17.0.6+10) (build )
# Java VM: OpenJDK 64-Bit Server VM (17.0.6+10-b829.9, mixed mode, sharing, tiered, compressed oops, compressed class ptrs, g1 gc, windows-amd64)
# No core dump will be written. Minidumps are not enabled by default on client versions of Windows
#

---------------  S U M M A R Y ------------

Command Line: git4idea.http.GitAskPassApp Username for 'https://github.com': 

Host: Intel(R) Core(TM) i7-10750H CPU @ 2.60GHz, 12 cores, 15G,  Windows 11 , 64 bit Build 22621 (10.0.22621.1635)
Time: Thu Jun 15 14:09:22 2023 Pacific Daylight Time elapsed time: 0.012286 seconds (0d 0h 0m 0s)

---------------  T H R E A D  ---------------

Current thread (0x000001c75143d310):  JavaThread "Unknown thread" [_thread_in_vm, id=54936, stack(0x000000110b600000,0x000000110b700000)]

Stack: [0x000000110b600000,0x000000110b700000]
Native frames: (J=compiled Java code, j=interpreted, Vv=VM code, C=native code)
V  [jvm.dll+0x683c5a]
V  [jvm.dll+0x842764]
V  [jvm.dll+0x843f5e]
V  [jvm.dll+0x8445c3]
V  [jvm.dll+0x249b75]
V  [jvm.dll+0x680b29]
V  [jvm.dll+0x67501a]
V  [jvm.dll+0x309acb]
V  [jvm.dll+0x310f86]
V  [jvm.dll+0x3608ee]
V  [jvm.dll+0x360b1f]
V  [jvm.dll+0x2dfbf8]
V  [jvm.dll+0x2e0b64]
V  [jvm.dll+0x814051]
V  [jvm.dll+0x36e6a1]
V  [jvm.dll+0x7f358c]
V  [jvm.dll+0x3f0e8f]
V  [jvm.dll+0x3f29d1]
C  [jli.dll+0x526b]
C  [ucrtbase.dll+0x29363]
C  [KERNEL32.DLL+0x126ad]
C  [ntdll.dll+0x5a9f8]


---------------  P R O C E S S  ---------------

Threads class SMR info:
_java_thread_list=0x00007ffb2e38c058, length=0, elements={
}

Java Threads: ( => current thread )

Other Threads:
  0x000001c7514a7db0 GCTaskThread "GC Thread#0" [stack: 0x000000110b700000,0x000000110b800000] [id=49296]
  0x000001c7514b8940 ConcurrentGCThread "G1 Main Marker" [stack: 0x000000110b800000,0x000000110b900000] [id=38896]
  0x000001c7514b94b0 ConcurrentGCThread "G1 Conc#0" [stack: 0x000000110b900000,0x000000110ba00000] [id=43248]

[error occurred during error reporting (printing all threads), id 0xc0000005, EXCEPTION_ACCESS_VIOLATION (0xc0000005) at pc=0x00007ffb2db40797]

VM state: not at safepoint (not fully initialized)

VM Mutex/Monitor currently owned by a thread:  ([mutex/lock_event])
[0x000001c751438980] Heap_lock - owner thread: 0x000001c75143d310

Heap address: 0x0000000703a00000, size: 4038 MB, Compressed Oops mode: Zero based, Oop shift amount: 3

CDS archive(s) mapped at: [0x0000000000000000-0x0000000000000000-0x0000000000000000), size 0, SharedBaseAddress: 0x0000000800000000, ArchiveRelocationMode: 0.
Narrow klass base: 0x0000000000000000, Narrow klass shift: 0, Narrow klass range: 0x0

GC Precious Log:
<Empty>

Heap:
 garbage-first heap   total 0K, used 0K [0x0000000703a00000, 0x0000000800000000)
  region size 2048K, 0 young (0K), 0 survivors (0K)

[error occurred during error reporting (printing heap information), id 0xc0000005, EXCEPTION_ACCESS_VIOLATION (0xc0000005) at pc=0x00007ffb2df2da49]

GC Heap History (0 events):
No events

Dll operation events (1 events):
Event: 0.008 Loaded shared library C:\Users\Alleg\AppData\Local\JetBrains\Toolbox\apps\PyCharm-P\ch-0\231.9011.38\jbr\bin\java.dll

Deoptimization events (0 events):
No events

Classes unloaded (0 events):
No events

Classes redefined (0 events):
No events

Internal exceptions (0 events):
No events

VM Operations (0 events):
No events

Events (0 events):
No events


Dynamic libraries:
0x00007ff6364e0000 - 0x00007ff6364ea000 	C:\Users\Alleg\AppData\Local\JetBrains\Toolbox\apps\PyCharm-P\ch-0\231.9011.38\jbr\bin\java.exe
0x00007ffb7ddf0000 - 0x00007ffb7e004000 	C:\WINDOWS\SYSTEM32\ntdll.dll
0x00007ffb7d150000 - 0x00007ffb7d212000 	C:\WINDOWS\System32\KERNEL32.DLL
0x00007ffb7b840000 - 0x00007ffb7bbe3000 	C:\WINDOWS\System32\KERNELBASE.dll
0x00007ffb7b540000 - 0x00007ffb7b651000 	C:\WINDOWS\System32\ucrtbase.dll
0x00007ffb711c0000 - 0x00007ffb711d7000 	C:\Users\Alleg\AppData\Local\JetBrains\Toolbox\apps\PyCharm-P\ch-0\231.9011.38\jbr\bin\jli.dll
0x00007ffb38db0000 - 0x00007ffb38dcb000 	C:\Users\Alleg\AppData\Local\JetBrains\Toolbox\apps\PyCharm-P\ch-0\231.9011.38\jbr\bin\VCRUNTIME140.dll
0x00007ffb7c220000 - 0x00007ffb7c3cb000 	C:\WINDOWS\System32\USER32.dll
0x00007ffb7b420000 - 0x00007ffb7b446000 	C:\WINDOWS\System32\win32u.dll
0x00007ffb5caf0000 - 0x00007ffb5cd7e000 	C:\WINDOWS\WinSxS\amd64_microsoft.windows.common-controls_6595b64144ccf1df_6.0.22621.1635_none_270f70857386168e\COMCTL32.dll
0x00007ffb7be60000 - 0x00007ffb7be89000 	C:\WINDOWS\System32\GDI32.dll
0x00007ffb7c570000 - 0x00007ffb7c617000 	C:\WINDOWS\System32\msvcrt.dll
0x00007ffb7b720000 - 0x00007ffb7b838000 	C:\WINDOWS\System32\gdi32full.dll
0x00007ffb7b380000 - 0x00007ffb7b41a000 	C:\WINDOWS\System32\msvcp_win.dll
0x00007ffb7d9d0000 - 0x00007ffb7da01000 	C:\WINDOWS\System32\IMM32.DLL
0x00007ffb703d0000 - 0x00007ffb703dc000 	C:\Users\Alleg\AppData\Local\JetBrains\Toolbox\apps\PyCharm-P\ch-0\231.9011.38\jbr\bin\vcruntime140_1.dll
0x00007ffb31d30000 - 0x00007ffb31dbd000 	C:\Users\Alleg\AppData\Local\JetBrains\Toolbox\apps\PyCharm-P\ch-0\231.9011.38\jbr\bin\msvcp140.dll
0x00007ffb2d850000 - 0x00007ffb2e4be000 	C:\Users\Alleg\AppData\Local\JetBrains\Toolbox\apps\PyCharm-P\ch-0\231.9011.38\jbr\bin\server\jvm.dll
0x00007ffb7d900000 - 0x00007ffb7d9ae000 	C:\WINDOWS\System32\ADVAPI32.dll
0x00007ffb7bdb0000 - 0x00007ffb7be54000 	C:\WINDOWS\System32\sechost.dll
0x00007ffb7c3d0000 - 0x00007ffb7c4e7000 	C:\WINDOWS\System32\RPCRT4.dll
0x00007ffb2ab80000 - 0x00007ffb2ab89000 	C:\WINDOWS\SYSTEM32\WSOCK32.dll
0x00007ffb71020000 - 0x00007ffb71054000 	C:\WINDOWS\SYSTEM32\WINMM.dll
0x00007ffb70e60000 - 0x00007ffb70e6a000 	C:\WINDOWS\SYSTEM32\VERSION.dll
0x00007ffb7c4f0000 - 0x00007ffb7c561000 	C:\WINDOWS\System32\WS2_32.dll
0x00007ffb7a350000 - 0x00007ffb7a368000 	C:\WINDOWS\SYSTEM32\kernel.appcore.dll
0x00007ffb77d50000 - 0x00007ffb77d5a000 	C:\Users\Alleg\AppData\Local\JetBrains\Toolbox\apps\PyCharm-P\ch-0\231.9011.38\jbr\bin\jimage.dll
0x00007ffb78a00000 - 0x00007ffb78c2e000 	C:\WINDOWS\SYSTEM32\DBGHELP.DLL
0x00007ffb7da20000 - 0x00007ffb7dda9000 	C:\WINDOWS\System32\combase.dll
0x00007ffb7bbf0000 - 0x00007ffb7bcc7000 	C:\WINDOWS\System32\OLEAUT32.dll
0x00007ffb64f20000 - 0x00007ffb64f52000 	C:\WINDOWS\SYSTEM32\dbgcore.DLL
0x00007ffb7b450000 - 0x00007ffb7b4cb000 	C:\WINDOWS\System32\bcryptPrimitives.dll
0x00007ffb762d0000 - 0x00007ffb762f5000 	C:\Users\Alleg\AppData\Local\JetBrains\Toolbox\apps\PyCharm-P\ch-0\231.9011.38\jbr\bin\java.dll

dbghelp: loaded successfully - version: 4.0.5 - missing functions: none
symbol engine: initialized successfully - sym options: 0x614 - pdb path: .;C:\Users\Alleg\AppData\Local\JetBrains\Toolbox\apps\PyCharm-P\ch-0\231.9011.38\jbr\bin;C:\WINDOWS\SYSTEM32;C:\WINDOWS\WinSxS\amd64_microsoft.windows.common-controls_6595b64144ccf1df_6.0.22621.1635_none_270f70857386168e;C:\Users\Alleg\AppData\Local\JetBrains\Toolbox\apps\PyCharm-P\ch-0\231.9011.38\jbr\bin\server

VM Arguments:
java_command: git4idea.http.GitAskPassApp Username for 'https://github.com': 
java_class_path (initial): C:/Users/Alleg/AppData/Local/JetBrains/Toolbox/apps/PyCharm-P/ch-0/231.9011.38/plugins/vcs-git/lib/git4idea-rt.jar;C:/Users/Alleg/AppData/Local/JetBrains/Toolbox/apps/PyCharm-P/ch-0/231.9011.38/lib/externalProcess-rt.jar
Launcher Type: SUN_STANDARD

[Global flags]
     intx CICompilerCount                          = 4                                         {product} {ergonomic}
     uint ConcGCThreads                            = 3                                         {product} {ergonomic}
     uint G1ConcRefinementThreads                  = 10                                        {product} {ergonomic}
   size_t G1HeapRegionSize                         = 2097152                                   {product} {ergonomic}
    uintx GCDrainStackTargetSize                   = 64                                        {product} {ergonomic}
   size_t InitialHeapSize                          = 266338304                                 {product} {ergonomic}
   size_t MarkStackSize                            = 4194304                                   {product} {ergonomic}
   size_t MaxHeapSize                              = 4234149888                                {product} {ergonomic}
   size_t MinHeapDeltaBytes                        = 2097152                                   {product} {ergonomic}
   size_t MinHeapSize                              = 8388608                                   {product} {ergonomic}
    uintx NonNMethodCodeHeapSize                   = 5839372                                {pd product} {ergonomic}
    uintx NonProfiledCodeHeapSize                  = 122909434                              {pd product} {ergonomic}
    uintx ProfiledCodeHeapSize                     = 122909434                              {pd product} {ergonomic}
    uintx ReservedCodeCacheSize                    = 251658240                              {pd product} {ergonomic}
     bool SegmentedCodeCache                       = true                                      {product} {ergonomic}
   size_t SoftMaxHeapSize                          = 4234149888                             {manageable} {ergonomic}
     bool UseCompressedClassPointers               = true                           {product lp64_product} {ergonomic}
     bool UseCompressedOops                        = true                           {product lp64_product} {ergonomic}
     bool UseG1GC                                  = true                                      {product} {ergonomic}
     bool UseLargePagesIndividualAllocation        = false                                  {pd product} {ergonomic}

Logging:
Log output configuration:
 #0: stdout all=warning uptime,level,tags
 #1: stderr all=off uptime,level,tags

Environment Variables:
PATH=C:/Program Files/Git/mingw64/libexec/git-core;C:/Program Files/Git/mingw64/libexec/git-core;C:\Program Files\Git\mingw64\bin;C:\Program Files\Git\usr\bin;C:\Users\Alleg\bin;C:\Python\DM5ish\venv\Scripts;C:\Program Files\Common Files\Oracle\Java\javapath;C:\Program Files (x86)\Common Files\Oracle\Java\javapath;C:\Program Files (x86)\Razer Chroma SDK\bin;C:\Program Files\Razer Chroma SDK\bin;C:\Program Files (x86)\Razer\ChromaBroadcast\bin;C:\Program Files\Razer\ChromaBroadcast\bin;C:\Windows\system32;C:\Windows;C:\Windows\System32\Wbem;C:\Windows\System32\WindowsPowerShell\v1.0\;C:\Windows\System32\OpenSSH\;C:\Users\Alleg\AppData\Local\Programs\Python\Python310\Scripts\;C:\Users\Alleg\AppData\Local\Programs\Python\Python310\;C:\Users\Alleg\AppData\Local\Microsoft\WindowsApps;D:\Program Files\JetBrains\PyCharm Community Edition 2022.1\bin;C:\Program Files\Git\cmd;C:\Program Files\dotnet\;C:\Program Files\nodejs\;C:\Program Files (x86)\Common Files\Propellerhead Software\ReWire\;C:\Program Files\Common Files\Propellerhead Software\ReWire\;C:\WINDOWS\system32;C:\WINDOWS;C:\WINDOWS\System32\Wbem;C:\WINDOWS\System32\WindowsPowerShell\v1.0\;C:\WINDOWS\System32\OpenSSH\;C:\WINDOWS\system32\config\systemprofile\AppData\Local\Microsoft\WindowsApps;C:\Program Files\heroku\bin;C:\Users\Alleg\AppData\Roaming\npm;C:\Users\Alleg\.dotnet\tools;C:\Users\Alleg\AppData\Local\JetBrains\Toolbox\scripts;C:\Users\Alleg\AppData\Local\GitHubDesktop\bin;C:\Users\Alleg\.dotnet\tools
USERNAME=Alleg
DISPLAY=:0.0
LC_ALL=en_US.UTF-8
TERM=cygwin
TMPDIR=C:\Users\Alleg\AppData\Local\Temp
OS=Windows_NT
PROCESSOR_IDENTIFIER=Intel64 Family 6 Model 165 Stepping 2, GenuineIntel
TMP=C:\Users\Alleg\AppData\Local\Temp
TEMP=C:\Users\Alleg\AppData\Local\Temp


JNI global refs:

[error occurred during error reporting (JNI global references), id 0xc0000005, EXCEPTION_ACCESS_VIOLATION (0xc0000005) at pc=0x00007ffb2d907a10]


---------------  S Y S T E M  ---------------

OS:
 Windows 11 , 64 bit Build 22621 (10.0.22621.1635)
OS uptime: 9 days 4:25 hours

CPU: total 12 (initial active 12) (6 cores per cpu, 2 threads per core) family 6 model 165 stepping 2 microcode 0xf4, cx8, cmov, fxsr, ht, mmx, 3dnowpref, sse, sse2, sse3, ssse3, sse4.1, sse4.2, popcnt, lzcnt, tsc, tscinvbit, avx, avx2, aes, erms, clmul, bmi1, bmi2, adx, fma, vzeroupper, clflush, clflushopt

Memory: 4k page, system-wide physical 16145M (3109M free)
TotalPageFile size 65297M (AvailPageFile size 109M)
current process WorkingSet (physical memory assigned to process): 11M, peak: 11M
current process commit charge ("private bytes"): 64M, peak: 318M

vm_info: OpenJDK 64-Bit Server VM (17.0.6+10-b829.9) for windows-amd64 JRE (17.0.6+10-b829.9), built on 2023-04-09 by "builduser" with MS VC++ 16.10 / 16.11 (VS2019)

END.
